INFO - 2023-10-22 22:41:10 --> Session: Class initialized using 'CodeIgniter\Session\Handlers\FileHandler' driver.
INFO - 2023-10-22 22:47:34 --> Session: Class initialized using 'CodeIgniter\Session\Handlers\FileHandler' driver.
INFO - 2023-10-22 22:47:42 --> Session: Class initialized using 'CodeIgniter\Session\Handlers\FileHandler' driver.
INFO - 2023-10-22 22:49:30 --> Session: Class initialized using 'CodeIgniter\Session\Handlers\FileHandler' driver.
INFO - 2023-10-22 22:49:51 --> Session: Class initialized using 'CodeIgniter\Session\Handlers\FileHandler' driver.
INFO - 2023-10-22 22:49:55 --> Session: Class initialized using 'CodeIgniter\Session\Handlers\FileHandler' driver.
INFO - 2023-10-22 23:39:01 --> Session: Class initialized using 'CodeIgniter\Session\Handlers\FileHandler' driver.
CRITICAL - 2023-10-22 23:39:01 --> Undefined variable $titulo
in APPPATH\Views\header.php on line 18.
 1 APPPATH\Views\header.php(18): CodeIgniter\Debug\Exceptions->errorHandler(2, 'Undefined variable $titulo', 'D:\\xampp\\htdocs\\empadronamientoIBA1\\app\\Views\\header.php', 18)
 2 SYSTEMPATH\View\View.php(226): include('D:\\xampp\\htdocs\\empadronamientoIBA1\\app\\Views\\header.php')
 3 SYSTEMPATH\View\View.php(229): CodeIgniter\View\View->CodeIgniter\View\{closure}()
 4 SYSTEMPATH\Common.php(1188): CodeIgniter\View\View->render('header', [], true)
 5 APPPATH\Controllers\Preguntas.php(9): view('header')
 6 SYSTEMPATH\CodeIgniter.php(919): App\Controllers\Preguntas->index()
 7 SYSTEMPATH\CodeIgniter.php(494): CodeIgniter\CodeIgniter->runController(Object(App\Controllers\Preguntas))
 8 SYSTEMPATH\CodeIgniter.php(353): CodeIgniter\CodeIgniter->handleRequest(null, Object(Config\Cache), false)
 9 FCPATH\index.php(79): CodeIgniter\CodeIgniter->run()
INFO - 2023-10-22 23:39:05 --> Session: Class initialized using 'CodeIgniter\Session\Handlers\FileHandler' driver.
CRITICAL - 2023-10-22 23:39:05 --> Undefined variable $titulo
in APPPATH\Views\header.php on line 18.
 1 APPPATH\Views\header.php(18): CodeIgniter\Debug\Exceptions->errorHandler(2, 'Undefined variable $titulo', 'D:\\xampp\\htdocs\\empadronamientoIBA1\\app\\Views\\header.php', 18)
 2 SYSTEMPATH\View\View.php(226): include('D:\\xampp\\htdocs\\empadronamientoIBA1\\app\\Views\\header.php')
 3 SYSTEMPATH\View\View.php(229): CodeIgniter\View\View->CodeIgniter\View\{closure}()
 4 SYSTEMPATH\Common.php(1188): CodeIgniter\View\View->render('header', [], true)
 5 APPPATH\Controllers\Home.php(9): view('header')
 6 SYSTEMPATH\CodeIgniter.php(919): App\Controllers\Home->index()
 7 SYSTEMPATH\CodeIgniter.php(494): CodeIgniter\CodeIgniter->runController(Object(App\Controllers\Home))
 8 SYSTEMPATH\CodeIgniter.php(353): CodeIgniter\CodeIgniter->handleRequest(null, Object(Config\Cache), false)
 9 FCPATH\index.php(79): CodeIgniter\CodeIgniter->run()
INFO - 2023-10-22 23:39:06 --> Session: Class initialized using 'CodeIgniter\Session\Handlers\FileHandler' driver.
CRITICAL - 2023-10-22 23:39:06 --> Undefined variable $titulo
in APPPATH\Views\header.php on line 18.
 1 APPPATH\Views\header.php(18): CodeIgniter\Debug\Exceptions->errorHandler(2, 'Undefined variable $titulo', 'D:\\xampp\\htdocs\\empadronamientoIBA1\\app\\Views\\header.php', 18)
 2 SYSTEMPATH\View\View.php(226): include('D:\\xampp\\htdocs\\empadronamientoIBA1\\app\\Views\\header.php')
 3 SYSTEMPATH\View\View.php(229): CodeIgniter\View\View->CodeIgniter\View\{closure}()
 4 SYSTEMPATH\Common.php(1188): CodeIgniter\View\View->render('header', [], true)
 5 APPPATH\Controllers\Registro.php(9): view('header')
 6 SYSTEMPATH\CodeIgniter.php(919): App\Controllers\Registro->index()
 7 SYSTEMPATH\CodeIgniter.php(494): CodeIgniter\CodeIgniter->runController(Object(App\Controllers\Registro))
 8 SYSTEMPATH\CodeIgniter.php(353): CodeIgniter\CodeIgniter->handleRequest(null, Object(Config\Cache), false)
 9 FCPATH\index.php(79): CodeIgniter\CodeIgniter->run()
INFO - 2023-10-22 23:39:07 --> Session: Class initialized using 'CodeIgniter\Session\Handlers\FileHandler' driver.
CRITICAL - 2023-10-22 23:39:07 --> Undefined variable $titulo
in APPPATH\Views\header.php on line 18.
 1 APPPATH\Views\header.php(18): CodeIgniter\Debug\Exceptions->errorHandler(2, 'Undefined variable $titulo', 'D:\\xampp\\htdocs\\empadronamientoIBA1\\app\\Views\\header.php', 18)
 2 SYSTEMPATH\View\View.php(226): include('D:\\xampp\\htdocs\\empadronamientoIBA1\\app\\Views\\header.php')
 3 SYSTEMPATH\View\View.php(229): CodeIgniter\View\View->CodeIgniter\View\{closure}()
 4 SYSTEMPATH\Common.php(1188): CodeIgniter\View\View->render('header', [], true)
 5 APPPATH\Controllers\RegistroMascota.php(11): view('header')
 6 SYSTEMPATH\CodeIgniter.php(919): App\Controllers\RegistroMascota->index()
 7 SYSTEMPATH\CodeIgniter.php(494): CodeIgniter\CodeIgniter->runController(Object(App\Controllers\RegistroMascota))
 8 SYSTEMPATH\CodeIgniter.php(353): CodeIgniter\CodeIgniter->handleRequest(null, Object(Config\Cache), false)
 9 FCPATH\index.php(79): CodeIgniter\CodeIgniter->run()
INFO - 2023-10-22 23:39:09 --> Session: Class initialized using 'CodeIgniter\Session\Handlers\FileHandler' driver.
CRITICAL - 2023-10-22 23:39:09 --> Undefined variable $titulo
in APPPATH\Views\header.php on line 18.
 1 APPPATH\Views\header.php(18): CodeIgniter\Debug\Exceptions->errorHandler(2, 'Undefined variable $titulo', 'D:\\xampp\\htdocs\\empadronamientoIBA1\\app\\Views\\header.php', 18)
 2 SYSTEMPATH\View\View.php(226): include('D:\\xampp\\htdocs\\empadronamientoIBA1\\app\\Views\\header.php')
 3 SYSTEMPATH\View\View.php(229): CodeIgniter\View\View->CodeIgniter\View\{closure}()
 4 SYSTEMPATH\Common.php(1188): CodeIgniter\View\View->render('header', [], true)
 5 APPPATH\Controllers\RegistroMascota.php(11): view('header')
 6 SYSTEMPATH\CodeIgniter.php(919): App\Controllers\RegistroMascota->index()
 7 SYSTEMPATH\CodeIgniter.php(494): CodeIgniter\CodeIgniter->runController(Object(App\Controllers\RegistroMascota))
 8 SYSTEMPATH\CodeIgniter.php(353): CodeIgniter\CodeIgniter->handleRequest(null, Object(Config\Cache), false)
 9 FCPATH\index.php(79): CodeIgniter\CodeIgniter->run()
INFO - 2023-10-22 23:41:06 --> Session: Class initialized using 'CodeIgniter\Session\Handlers\FileHandler' driver.
CRITICAL - 2023-10-22 23:41:06 --> Undefined variable $titulo
in APPPATH\Views\header.php on line 18.
 1 APPPATH\Views\header.php(18): CodeIgniter\Debug\Exceptions->errorHandler(2, 'Undefined variable $titulo', 'D:\\xampp\\htdocs\\empadronamientoIBA1\\app\\Views\\header.php', 18)
 2 SYSTEMPATH\View\View.php(226): include('D:\\xampp\\htdocs\\empadronamientoIBA1\\app\\Views\\header.php')
 3 SYSTEMPATH\View\View.php(229): CodeIgniter\View\View->CodeIgniter\View\{closure}()
 4 SYSTEMPATH\Common.php(1188): CodeIgniter\View\View->render('header', [], true)
 5 APPPATH\Controllers\RegistroMascota.php(11): view('header')
 6 SYSTEMPATH\CodeIgniter.php(919): App\Controllers\RegistroMascota->index()
 7 SYSTEMPATH\CodeIgniter.php(494): CodeIgniter\CodeIgniter->runController(Object(App\Controllers\RegistroMascota))
 8 SYSTEMPATH\CodeIgniter.php(353): CodeIgniter\CodeIgniter->handleRequest(null, Object(Config\Cache), false)
 9 FCPATH\index.php(79): CodeIgniter\CodeIgniter->run()
INFO - 2023-10-22 23:41:12 --> Session: Class initialized using 'CodeIgniter\Session\Handlers\FileHandler' driver.
CRITICAL - 2023-10-22 23:41:12 --> Undefined variable $titulo
in APPPATH\Views\header.php on line 18.
 1 APPPATH\Views\header.php(18): CodeIgniter\Debug\Exceptions->errorHandler(2, 'Undefined variable $titulo', 'D:\\xampp\\htdocs\\empadronamientoIBA1\\app\\Views\\header.php', 18)
 2 SYSTEMPATH\View\View.php(226): include('D:\\xampp\\htdocs\\empadronamientoIBA1\\app\\Views\\header.php')
 3 SYSTEMPATH\View\View.php(229): CodeIgniter\View\View->CodeIgniter\View\{closure}()
 4 SYSTEMPATH\Common.php(1188): CodeIgniter\View\View->render('header', [], true)
 5 APPPATH\Controllers\Home.php(10): view('header')
 6 SYSTEMPATH\CodeIgniter.php(919): App\Controllers\Home->index()
 7 SYSTEMPATH\CodeIgniter.php(494): CodeIgniter\CodeIgniter->runController(Object(App\Controllers\Home))
 8 SYSTEMPATH\CodeIgniter.php(353): CodeIgniter\CodeIgniter->handleRequest(null, Object(Config\Cache), false)
 9 FCPATH\index.php(79): CodeIgniter\CodeIgniter->run()
INFO - 2023-10-22 23:43:19 --> Session: Class initialized using 'CodeIgniter\Session\Handlers\FileHandler' driver.
CRITICAL - 2023-10-22 23:43:19 --> Undefined variable $titulo
in APPPATH\Views\header.php on line 18.
 1 APPPATH\Views\header.php(18): CodeIgniter\Debug\Exceptions->errorHandler(2, 'Undefined variable $titulo', 'D:\\xampp\\htdocs\\empadronamientoIBA1\\app\\Views\\header.php', 18)
 2 SYSTEMPATH\View\View.php(226): include('D:\\xampp\\htdocs\\empadronamientoIBA1\\app\\Views\\header.php')
 3 SYSTEMPATH\View\View.php(229): CodeIgniter\View\View->CodeIgniter\View\{closure}()
 4 SYSTEMPATH\Common.php(1188): CodeIgniter\View\View->render('header', [], true)
 5 APPPATH\Controllers\Home.php(10): view('header')
 6 SYSTEMPATH\CodeIgniter.php(919): App\Controllers\Home->index()
 7 SYSTEMPATH\CodeIgniter.php(494): CodeIgniter\CodeIgniter->runController(Object(App\Controllers\Home))
 8 SYSTEMPATH\CodeIgniter.php(353): CodeIgniter\CodeIgniter->handleRequest(null, Object(Config\Cache), false)
 9 FCPATH\index.php(79): CodeIgniter\CodeIgniter->run()
INFO - 2023-10-22 23:43:27 --> Session: Class initialized using 'CodeIgniter\Session\Handlers\FileHandler' driver.
CRITICAL - 2023-10-22 23:43:27 --> Undefined variable $titulo
in APPPATH\Views\header.php on line 18.
 1 APPPATH\Views\header.php(18): CodeIgniter\Debug\Exceptions->errorHandler(2, 'Undefined variable $titulo', 'D:\\xampp\\htdocs\\empadronamientoIBA1\\app\\Views\\header.php', 18)
 2 SYSTEMPATH\View\View.php(226): include('D:\\xampp\\htdocs\\empadronamientoIBA1\\app\\Views\\header.php')
 3 SYSTEMPATH\View\View.php(229): CodeIgniter\View\View->CodeIgniter\View\{closure}()
 4 SYSTEMPATH\Common.php(1188): CodeIgniter\View\View->render('header', [], true)
 5 APPPATH\Controllers\Home.php(10): view('header')
 6 SYSTEMPATH\CodeIgniter.php(919): App\Controllers\Home->index()
 7 SYSTEMPATH\CodeIgniter.php(494): CodeIgniter\CodeIgniter->runController(Object(App\Controllers\Home))
 8 SYSTEMPATH\CodeIgniter.php(353): CodeIgniter\CodeIgniter->handleRequest(null, Object(Config\Cache), false)
 9 FCPATH\index.php(79): CodeIgniter\CodeIgniter->run()
INFO - 2023-10-22 23:44:07 --> Session: Class initialized using 'CodeIgniter\Session\Handlers\FileHandler' driver.
INFO - 2023-10-22 23:44:51 --> Session: Class initialized using 'CodeIgniter\Session\Handlers\FileHandler' driver.
INFO - 2023-10-22 23:44:52 --> Session: Class initialized using 'CodeIgniter\Session\Handlers\FileHandler' driver.
INFO - 2023-10-22 23:44:56 --> Session: Class initialized using 'CodeIgniter\Session\Handlers\FileHandler' driver.
INFO - 2023-10-22 23:44:57 --> Session: Class initialized using 'CodeIgniter\Session\Handlers\FileHandler' driver.
INFO - 2023-10-22 23:45:11 --> Session: Class initialized using 'CodeIgniter\Session\Handlers\FileHandler' driver.
